<?xml version="1.0" encoding="UTF-8"?>
<!-- Generated by org.testng.reporters.JUnitXMLReporter -->
<testsuite ignored="0" hostname="DESKTOP-CDEN5DR" failures="0" tests="6" name="ChromeTest" time="342.93" errors="0" timestamp="2025-07-26T13:56:28 IST">
  <testcase classname="testCases.TC_01AccountRegistration" name="testAccountReg" time="22.068"/>
  <testcase classname="testCases.TC_02TestLogin" name="testlogin" time="2.658"/>
  <testcase classname="testCases.TC_03SearchFuntion" name="testsearch" time="17.485"/>
  <testcase classname="testCases.TC_04FilterFunction" name="testFilter" time="25.028"/>
  <testcase classname="testCases.TC_04FilterFunction" name="verifyAppetizerKeywordPresent" time="0.146"/>
  <testcase classname="testCases.TC_05SaveRecipe" name="testsave" time="183.873"/>
</testsuite> <!-- ChromeTest -->
