<?xml version="1.0" encoding="UTF-8"?>
<!-- Generated by org.testng.reporters.JUnitXMLReporter -->
<testsuite ignored="0" hostname="DESKTOP-CDEN5DR" failures="0" tests="6" name="EdgeTest" time="37.311" errors="0" timestamp="2025-07-26T13:57:05 IST">
  <testcase classname="testCases.TC_01AccountRegistration" name="testAccountReg" time="0.0">
    <skipped/>
  </testcase> <!-- testAccountReg -->
  <testcase classname="testCases.TC_02TestLogin" name="testlogin" time="0.0">
    <skipped/>
  </testcase> <!-- testlogin -->
  <testcase classname="testCases.TC_03SearchFuntion" name="testsearch" time="0.0">
    <skipped/>
  </testcase> <!-- testsearch -->
  <testcase classname="testCases.TC_04FilterFunction" name="testFilter" time="0.0">
    <skipped/>
  </testcase> <!-- testFilter -->
  <testcase classname="testCases.TC_04FilterFunction" name="verifyAppetizerKeywordPresent" time="0.002">
    <skipped/>
  </testcase> <!-- verifyAppetizerKeywordPresent -->
  <testcase classname="testCases.TC_05SaveRecipe" name="testsave" time="0.0">
    <skipped/>
  </testcase> <!-- testsave -->
</testsuite> <!-- EdgeTest -->
