<?xml version="1.0" encoding="UTF-8"?>
<!-- Generated by org.testng.reporters.JUnitXMLReporter -->
<testsuite ignored="0" hostname="DESKTOP-CDEN5DR" failures="0" tests="6" name="Test" time="636.981" errors="0" timestamp="2025-07-26T15:58:50 IST">
  <testcase classname="testCases.TC_01AccountRegistration" name="testAccountReg" time="23.671"/>
  <testcase classname="testCases.TC_02TestLogin" name="testlogin" time="5.063"/>
  <testcase classname="testCases.TC_03SearchFuntion" name="testsearch" time="82.393"/>
  <testcase classname="testCases.TC_04FilterFunction" name="testFilter" time="180.074"/>
  <testcase classname="testCases.TC_04FilterFunction" name="verifyAppetizerKeywordPresent" time="35.78"/>
  <testcase classname="testCases.TC_05SaveRecipe" name="testsave" time="1.279"/>
</testsuite> <!-- Test -->
