<?xml version="1.0" encoding="UTF-8"?>
<!-- Generated by org.testng.reporters.JUnitXMLReporter -->
<testsuite ignored="1" hostname="DESKTOP-CDEN5DR" failures="0" tests="5" name="EdgeTest" time="1.089" errors="0" timestamp="2025-07-26T13:56:37 IST">
  <testcase classname="testCases.TC_01AccountRegistration" name="testAccountReg" time="0.746"/>
  <testcase classname="testCases.TC_02TestLogin" name="testlogin" time="0.007"/>
  <testcase classname="testCases.TC_03SearchFuntion" name="testsearch" time="0.003"/>
  <testcase classname="testCases.TC_04FilterFunction" name="testFilter" time="0.003"/>
  <testcase classname="testCases.TC_05SaveRecipe" name="testsave" time="0.003"/>
  <testcase classname="testCases.TC_04FilterFunction" name="verifyAppetizerKeywordPresent" time="0.0">
    <ignored/>
  </testcase> <!-- verifyAppetizerKeywordPresent -->
</testsuite> <!-- EdgeTest -->
